<?xml version="1.0" encoding="UTF-8"?>
<testsuite xmlns:xsi="http://www.w3.org/2001/XMLSchema-instance" xsi:noNamespaceSchemaLocation="https://maven.apache.org/surefire/maven-surefire-plugin/xsd/surefire-test-report-3.0.xsd" version="3.0" name="io.github.thebusybiscuit.slimefun4.api.items.settings.TestDoubleRangeSetting" time="0.049" tests="4" errors="0" skipped="0" failures="0">
  <properties>
[...]
</properties>
  <testcase name="testConstructorValidation" classname="io.github.thebusybiscuit.slimefun4.api.items.settings.TestDoubleRangeSetting" time="0.01"/>
  <testcase name="testIllegalValues" classname="io.github.thebusybiscuit.slimefun4.api.items.settings.TestDoubleRangeSetting" time="0"/>
  <testcase name="testMinMaxGetters" classname="io.github.thebusybiscuit.slimefun4.api.items.settings.TestDoubleRangeSetting" time="0"/>
  <testcase name="testAllowedValue" classname="io.github.thebusybiscuit.slimefun4.api.items.settings.TestDoubleRangeSetting" time="0"/>
</testsuite>