<?xml version="1.0" encoding="UTF-8"?>
<testsuite xmlns:xsi="http://www.w3.org/2001/XMLSchema-instance" xsi:noNamespaceSchemaLocation="https://maven.apache.org/surefire/maven-surefire-plugin/xsd/surefire-test-report-3.0.xsd" version="3.0" name="io.github.thebusybiscuit.slimefun4.core.services.localization.TestSlimefunSpelling" time="0.21" tests="210" errors="0" skipped="0" failures="0">
  <properties>
[...]
</properties>
  <testcase name="testSpelling(LanguagePreset, LanguageFile)[1]" classname="io.github.thebusybiscuit.slimefun4.core.services.localization.TestSlimefunSpelling" time="0"/>
  <testcase name="testSpelling(LanguagePreset, LanguageFile)[2]" classname="io.github.thebusybiscuit.slimefun4.core.services.localization.TestSlimefunSpelling" time="0"/>
  <testcase name="testSpelling(LanguagePreset, LanguageFile)[3]" classname="io.github.thebusybiscuit.slimefun4.core.services.localization.TestSlimefunSpelling" time="0"/>
  <testcase name="testSpelling(LanguagePreset, LanguageFile)[4]" classname="io.github.thebusybiscuit.slimefun4.core.services.localization.TestSlimefunSpelling" time="0"/>
  <testcase name="testSpelling(LanguagePreset, LanguageFile)[5]" classname="io.github.thebusybiscuit.slimefun4.core.services.localization.TestSlimefunSpelling" time="0"/>
  <testcase name="testSpelling(LanguagePreset, LanguageFile)[6]" classname="io.github.thebusybiscuit.slimefun4.core.services.localization.TestSlimefunSpelling" time="0"/>
  <testcase name="testSpelling(LanguagePreset, LanguageFile)[7]" classname="io.github.thebusybiscuit.slimefun4.core.services.localization.TestSlimefunSpelling" time="0"/>
  <testcase name="testSpelling(LanguagePreset, LanguageFile)[8]" classname="io.github.thebusybiscuit.slimefun4.core.services.localization.TestSlimefunSpelling" time="0"/>
  <testcase name="testSpelling(LanguagePreset, LanguageFile)[9]" classname="io.github.thebusybiscuit.slimefun4.core.services.localization.TestSlimefunSpelling" time="0.009"/>
  <testcase name="testSpelling(LanguagePreset, LanguageFile)[10]" classname="io.github.thebusybiscuit.slimefun4.core.services.localization.TestSlimefunSpelling" time="0"/>
  <testcase name="testSpelling(LanguagePreset, LanguageFile)[11]" classname="io.github.thebusybiscuit.slimefun4.core.services.localization.TestSlimefunSpelling" time="0"/>
  <testcase name="testSpelling(LanguagePreset, LanguageFile)[12]" classname="io.github.thebusybiscuit.slimefun4.core.services.localization.TestSlimefunSpelling" time="0"/>
  <testcase name="testSpelling(LanguagePreset, LanguageFile)[13]" classname="io.github.thebusybiscuit.slimefun4.core.services.localization.TestSlimefunSpelling" time="0"/>
  <testcase name="testSpelling(LanguagePreset, LanguageFile)[14]" classname="io.github.thebusybiscuit.slimefun4.core.services.localization.TestSlimefunSpelling" time="0"/>
  <testcase name="testSpelling(LanguagePreset, LanguageFile)[15]" classname="io.github.thebusybiscuit.slimefun4.core.services.localization.TestSlimefunSpelling" time="0.01"/>
  <testcase name="testSpelling(LanguagePreset, LanguageFile)[16]" classname="io.github.thebusybiscuit.slimefun4.core.services.localization.TestSlimefunSpelling" time="0"/>
  <testcase name="testSpelling(LanguagePreset, LanguageFile)[17]" classname="io.github.thebusybiscuit.slimefun4.core.services.localization.TestSlimefunSpelling" time="0"/>
  <testcase name="testSpelling(LanguagePreset, LanguageFile)[18]" classname="io.github.thebusybiscuit.slimefun4.core.services.localization.TestSlimefunSpelling" time="0"/>
  <testcase name="testSpelling(LanguagePreset, LanguageFile)[19]" classname="io.github.thebusybiscuit.slimefun4.core.services.localization.TestSlimefunSpelling" time="0"/>
  <testcase name="testSpelling(LanguagePreset, LanguageFile)[20]" classname="io.github.thebusybiscuit.slimefun4.core.services.localization.TestSlimefunSpelling" time="0"/>
  <testcase name="testSpelling(LanguagePreset, LanguageFile)[21]" classname="io.github.thebusybiscuit.slimefun4.core.services.localization.TestSlimefunSpelling" time="0"/>
  <testcase name="testSpelling(LanguagePreset, LanguageFile)[22]" classname="io.github.thebusybiscuit.slimefun4.core.services.localization.TestSlimefunSpelling" time="0"/>
  <testcase name="testSpelling(LanguagePreset, LanguageFile)[23]" classname="io.github.thebusybiscuit.slimefun4.core.services.localization.TestSlimefunSpelling" time="0"/>
  <testcase name="testSpelling(LanguagePreset, LanguageFile)[24]" classname="io.github.thebusybiscuit.slimefun4.core.services.localization.TestSlimefunSpelling" time="0"/>
  <testcase name="testSpelling(LanguagePreset, LanguageFile)[25]" classname="io.github.thebusybiscuit.slimefun4.core.services.localization.TestSlimefunSpelling" time="0"/>
  <testcase name="testSpelling(LanguagePreset, LanguageFile)[26]" classname="io.github.thebusybiscuit.slimefun4.core.services.localization.TestSlimefunSpelling" time="0"/>
  <testcase name="testSpelling(LanguagePreset, LanguageFile)[27]" classname="io.github.thebusybiscuit.slimefun4.core.services.localization.TestSlimefunSpelling" time="0"/>
  <testcase name="testSpelling(LanguagePreset, LanguageFile)[28]" classname="io.github.thebusybiscuit.slimefun4.core.services.localization.TestSlimefunSpelling" time="0.01"/>
  <testcase name="testSpelling(LanguagePreset, LanguageFile)[29]" classname="io.github.thebusybiscuit.slimefun4.core.services.localization.TestSlimefunSpelling" time="0"/>
  <testcase name="testSpelling(LanguagePreset, LanguageFile)[30]" classname="io.github.thebusybiscuit.slimefun4.core.services.localization.TestSlimefunSpelling" time="0"/>
  <testcase name="testSpelling(LanguagePreset, LanguageFile)[31]" classname="io.github.thebusybiscuit.slimefun4.core.services.localization.TestSlimefunSpelling" time="0"/>
  <testcase name="testSpelling(LanguagePreset, LanguageFile)[32]" classname="io.github.thebusybiscuit.slimefun4.core.services.localization.TestSlimefunSpelling" time="0"/>
  <testcase name="testSpelling(LanguagePreset, LanguageFile)[33]" classname="io.github.thebusybiscuit.slimefun4.core.services.localization.TestSlimefunSpelling" time="0">
    <system-err><![CDATA[[15:20:28 SEVERE]: Cannot load configuration from stream
]]></system-err>
  </testcase>
  <testcase name="testSpelling(LanguagePreset, LanguageFile)[34]" classname="io.github.thebusybiscuit.slimefun4.core.services.localization.TestSlimefunSpelling" time="0"/>
  <testcase name="testSpelling(LanguagePreset, LanguageFile)[35]" classname="io.github.thebusybiscuit.slimefun4.core.services.localization.TestSlimefunSpelling" time="0"/>
  <testcase name="testSpelling(LanguagePreset, LanguageFile)[36]" classname="io.github.thebusybiscuit.slimefun4.core.services.localization.TestSlimefunSpelling" time="0"/>
  <testcase name="testSpelling(LanguagePreset, LanguageFile)[37]" classname="io.github.thebusybiscuit.slimefun4.core.services.localization.TestSlimefunSpelling" time="0.009"/>
  <testcase name="testSpelling(LanguagePreset, LanguageFile)[38]" classname="io.github.thebusybiscuit.slimefun4.core.services.localization.TestSlimefunSpelling" time="0"/>
  <testcase name="testSpelling(LanguagePreset, LanguageFile)[39]" classname="io.github.thebusybiscuit.slimefun4.core.services.localization.TestSlimefunSpelling" time="0"/>
  <testcase name="testSpelling(LanguagePreset, LanguageFile)[40]" classname="io.github.thebusybiscuit.slimefun4.core.services.localization.TestSlimefunSpelling" time="0"/>
  <testcase name="testSpelling(LanguagePreset, LanguageFile)[41]" classname="io.github.thebusybiscuit.slimefun4.core.services.localization.TestSlimefunSpelling" time="0">
    <system-err><![CDATA[[15:20:28 SEVERE]: Cannot load configuration from stream
]]></system-err>
  </testcase>
  <testcase name="testSpelling(LanguagePreset, LanguageFile)[42]" classname="io.github.thebusybiscuit.slimefun4.core.services.localization.TestSlimefunSpelling" time="0">
    <system-err><![CDATA[[15:20:28 SEVERE]: Cannot load configuration from stream
]]></system-err>
  </testcase>
  <testcase name="testSpelling(LanguagePreset, LanguageFile)[43]" classname="io.github.thebusybiscuit.slimefun4.core.services.localization.TestSlimefunSpelling" time="0">
    <system-err><![CDATA[[15:20:28 SEVERE]: Cannot load configuration from stream
]]></system-err>
  </testcase>
  <testcase name="testSpelling(LanguagePreset, LanguageFile)[44]" classname="io.github.thebusybiscuit.slimefun4.core.services.localization.TestSlimefunSpelling" time="0">
    <system-err><![CDATA[[15:20:28 SEVERE]: Cannot load configuration from stream
]]></system-err>
  </testcase>
  <testcase name="testSpelling(LanguagePreset, LanguageFile)[45]" classname="io.github.thebusybiscuit.slimefun4.core.services.localization.TestSlimefunSpelling" time="0">
    <system-err><![CDATA[[15:20:28 SEVERE]: Cannot load configuration from stream
]]></system-err>
  </testcase>
  <testcase name="testSpelling(LanguagePreset, LanguageFile)[46]" classname="io.github.thebusybiscuit.slimefun4.core.services.localization.TestSlimefunSpelling" time="0"/>
  <testcase name="testSpelling(LanguagePreset, LanguageFile)[47]" classname="io.github.thebusybiscuit.slimefun4.core.services.localization.TestSlimefunSpelling" time="0"/>
  <testcase name="testSpelling(LanguagePreset, LanguageFile)[48]" classname="io.github.thebusybiscuit.slimefun4.core.services.localization.TestSlimefunSpelling" time="0">
    <system-err><![CDATA[[15:20:28 SEVERE]: Cannot load configuration from stream
]]></system-err>
  </testcase>
  <testcase name="testSpelling(LanguagePreset, LanguageFile)[49]" classname="io.github.thebusybiscuit.slimefun4.core.services.localization.TestSlimefunSpelling" time="0.01"/>
  <testcase name="testSpelling(LanguagePreset, LanguageFile)[50]" classname="io.github.thebusybiscuit.slimefun4.core.services.localization.TestSlimefunSpelling" time="0"/>
  <testcase name="testSpelling(LanguagePreset, LanguageFile)[51]" classname="io.github.thebusybiscuit.slimefun4.core.services.localization.TestSlimefunSpelling" time="0"/>
  <testcase name="testSpelling(LanguagePreset, LanguageFile)[52]" classname="io.github.thebusybiscuit.slimefun4.core.services.localization.TestSlimefunSpelling" time="0"/>
  <testcase name="testSpelling(LanguagePreset, LanguageFile)[53]" classname="io.github.thebusybiscuit.slimefun4.core.services.localization.TestSlimefunSpelling" time="0"/>
  <testcase name="testSpelling(LanguagePreset, LanguageFile)[54]" classname="io.github.thebusybiscuit.slimefun4.core.services.localization.TestSlimefunSpelling" time="0"/>
  <testcase name="testSpelling(LanguagePreset, LanguageFile)[55]" classname="io.github.thebusybiscuit.slimefun4.core.services.localization.TestSlimefunSpelling" time="0"/>
  <testcase name="testSpelling(LanguagePreset, LanguageFile)[56]" classname="io.github.thebusybiscuit.slimefun4.core.services.localization.TestSlimefunSpelling" time="0"/>
  <testcase name="testSpelling(LanguagePreset, LanguageFile)[57]" classname="io.github.thebusybiscuit.slimefun4.core.services.localization.TestSlimefunSpelling" time="0"/>
  <testcase name="testSpelling(LanguagePreset, LanguageFile)[58]" classname="io.github.thebusybiscuit.slimefun4.core.services.localization.TestSlimefunSpelling" time="0">
    <system-err><![CDATA[[15:20:28 SEVERE]: Cannot load configuration from stream
]]></system-err>
  </testcase>
  <testcase name="testSpelling(LanguagePreset, LanguageFile)[59]" classname="io.github.thebusybiscuit.slimefun4.core.services.localization.TestSlimefunSpelling" time="0">
    <system-err><![CDATA[[15:20:28 SEVERE]: Cannot load configuration from stream
]]></system-err>
  </testcase>
  <testcase name="testSpelling(LanguagePreset, LanguageFile)[60]" classname="io.github.thebusybiscuit.slimefun4.core.services.localization.TestSlimefunSpelling" time="0.01">
    <system-err><![CDATA[[15:20:28 SEVERE]: Cannot load configuration from stream
]]></system-err>
  </testcase>
  <testcase name="testSpelling(LanguagePreset, LanguageFile)[61]" classname="io.github.thebusybiscuit.slimefun4.core.services.localization.TestSlimefunSpelling" time="0">
    <system-err><![CDATA[[15:20:28 SEVERE]: Cannot load configuration from stream
]]></system-err>
  </testcase>
  <testcase name="testSpelling(LanguagePreset, LanguageFile)[62]" classname="io.github.thebusybiscuit.slimefun4.core.services.localization.TestSlimefunSpelling" time="0"/>
  <testcase name="testSpelling(LanguagePreset, LanguageFile)[63]" classname="io.github.thebusybiscuit.slimefun4.core.services.localization.TestSlimefunSpelling" time="0">
    <system-err><![CDATA[[15:20:28 SEVERE]: Cannot load configuration from stream
]]></system-err>
  </testcase>
  <testcase name="testSpelling(LanguagePreset, LanguageFile)[64]" classname="io.github.thebusybiscuit.slimefun4.core.services.localization.TestSlimefunSpelling" time="0"/>
  <testcase name="testSpelling(LanguagePreset, LanguageFile)[65]" classname="io.github.thebusybiscuit.slimefun4.core.services.localization.TestSlimefunSpelling" time="0">
    <system-err><![CDATA[[15:20:28 SEVERE]: Cannot load configuration from stream
]]></system-err>
  </testcase>
  <testcase name="testSpelling(LanguagePreset, LanguageFile)[66]" classname="io.github.thebusybiscuit.slimefun4.core.services.localization.TestSlimefunSpelling" time="0">
    <system-err><![CDATA[[15:20:28 SEVERE]: Cannot load configuration from stream
]]></system-err>
  </testcase>
  <testcase name="testSpelling(LanguagePreset, LanguageFile)[67]" classname="io.github.thebusybiscuit.slimefun4.core.services.localization.TestSlimefunSpelling" time="0">
    <system-err><![CDATA[[15:20:28 SEVERE]: Cannot load configuration from stream
]]></system-err>
  </testcase>
  <testcase name="testSpelling(LanguagePreset, LanguageFile)[68]" classname="io.github.thebusybiscuit.slimefun4.core.services.localization.TestSlimefunSpelling" time="0">
    <system-err><![CDATA[[15:20:28 SEVERE]: Cannot load configuration from stream
]]></system-err>
  </testcase>
  <testcase name="testSpelling(LanguagePreset, LanguageFile)[69]" classname="io.github.thebusybiscuit.slimefun4.core.services.localization.TestSlimefunSpelling" time="0">
    <system-err><![CDATA[[15:20:28 SEVERE]: Cannot load configuration from stream
]]></system-err>
  </testcase>
  <testcase name="testSpelling(LanguagePreset, LanguageFile)[70]" classname="io.github.thebusybiscuit.slimefun4.core.services.localization.TestSlimefunSpelling" time="0">
    <system-err><![CDATA[[15:20:28 SEVERE]: Cannot load configuration from stream
]]></system-err>
  </testcase>
  <testcase name="testSpelling(LanguagePreset, LanguageFile)[71]" classname="io.github.thebusybiscuit.slimefun4.core.services.localization.TestSlimefunSpelling" time="0"/>
  <testcase name="testSpelling(LanguagePreset, LanguageFile)[72]" classname="io.github.thebusybiscuit.slimefun4.core.services.localization.TestSlimefunSpelling" time="0.01"/>
  <testcase name="testSpelling(LanguagePreset, LanguageFile)[73]" classname="io.github.thebusybiscuit.slimefun4.core.services.localization.TestSlimefunSpelling" time="0"/>
  <testcase name="testSpelling(LanguagePreset, LanguageFile)[74]" classname="io.github.thebusybiscuit.slimefun4.core.services.localization.TestSlimefunSpelling" time="0"/>
  <testcase name="testSpelling(LanguagePreset, LanguageFile)[75]" classname="io.github.thebusybiscuit.slimefun4.core.services.localization.TestSlimefunSpelling" time="0"/>
  <testcase name="testSpelling(LanguagePreset, LanguageFile)[76]" classname="io.github.thebusybiscuit.slimefun4.core.services.localization.TestSlimefunSpelling" time="0"/>
  <testcase name="testSpelling(LanguagePreset, LanguageFile)[77]" classname="io.github.thebusybiscuit.slimefun4.core.services.localization.TestSlimefunSpelling" time="0"/>
  <testcase name="testSpelling(LanguagePreset, LanguageFile)[78]" classname="io.github.thebusybiscuit.slimefun4.core.services.localization.TestSlimefunSpelling" time="0">
    <system-err><![CDATA[[15:20:28 SEVERE]: Cannot load configuration from stream
]]></system-err>
  </testcase>
  <testcase name="testSpelling(LanguagePreset, LanguageFile)[79]" classname="io.github.thebusybiscuit.slimefun4.core.services.localization.TestSlimefunSpelling" time="0">
    <system-err><![CDATA[[15:20:28 SEVERE]: Cannot load configuration from stream
]]></system-err>
  </testcase>
  <testcase name="testSpelling(LanguagePreset, LanguageFile)[80]" classname="io.github.thebusybiscuit.slimefun4.core.services.localization.TestSlimefunSpelling" time="0"/>
  <testcase name="testSpelling(LanguagePreset, LanguageFile)[81]" classname="io.github.thebusybiscuit.slimefun4.core.services.localization.TestSlimefunSpelling" time="0"/>
  <testcase name="testSpelling(LanguagePreset, LanguageFile)[82]" classname="io.github.thebusybiscuit.slimefun4.core.services.localization.TestSlimefunSpelling" time="0"/>
  <testcase name="testSpelling(LanguagePreset, LanguageFile)[83]" classname="io.github.thebusybiscuit.slimefun4.core.services.localization.TestSlimefunSpelling" time="0.011"/>
  <testcase name="testSpelling(LanguagePreset, LanguageFile)[84]" classname="io.github.thebusybiscuit.slimefun4.core.services.localization.TestSlimefunSpelling" time="0"/>
  <testcase name="testSpelling(LanguagePreset, LanguageFile)[85]" classname="io.github.thebusybiscuit.slimefun4.core.services.localization.TestSlimefunSpelling" time="0"/>
  <testcase name="testSpelling(LanguagePreset, LanguageFile)[86]" classname="io.github.thebusybiscuit.slimefun4.core.services.localization.TestSlimefunSpelling" time="0"/>
  <testcase name="testSpelling(LanguagePreset, LanguageFile)[87]" classname="io.github.thebusybiscuit.slimefun4.core.services.localization.TestSlimefunSpelling" time="0"/>
  <testcase name="testSpelling(LanguagePreset, LanguageFile)[88]" classname="io.github.thebusybiscuit.slimefun4.core.services.localization.TestSlimefunSpelling" time="0">
    <system-err><![CDATA[[15:20:28 SEVERE]: Cannot load configuration from stream
]]></system-err>
  </testcase>
  <testcase name="testSpelling(LanguagePreset, LanguageFile)[89]" classname="io.github.thebusybiscuit.slimefun4.core.services.localization.TestSlimefunSpelling" time="0"/>
  <testcase name="testSpelling(LanguagePreset, LanguageFile)[90]" classname="io.github.thebusybiscuit.slimefun4.core.services.localization.TestSlimefunSpelling" time="0"/>
  <testcase name="testSpelling(LanguagePreset, LanguageFile)[91]" classname="io.github.thebusybiscuit.slimefun4.core.services.localization.TestSlimefunSpelling" time="0.009"/>
  <testcase name="testSpelling(LanguagePreset, LanguageFile)[92]" classname="io.github.thebusybiscuit.slimefun4.core.services.localization.TestSlimefunSpelling" time="0"/>
  <testcase name="testSpelling(LanguagePreset, LanguageFile)[93]" classname="io.github.thebusybiscuit.slimefun4.core.services.localization.TestSlimefunSpelling" time="0">
    <system-err><![CDATA[[15:20:28 SEVERE]: Cannot load configuration from stream
]]></system-err>
  </testcase>
  <testcase name="testSpelling(LanguagePreset, LanguageFile)[94]" classname="io.github.thebusybiscuit.slimefun4.core.services.localization.TestSlimefunSpelling" time="0"/>
  <testcase name="testSpelling(LanguagePreset, LanguageFile)[95]" classname="io.github.thebusybiscuit.slimefun4.core.services.localization.TestSlimefunSpelling" time="0"/>
  <testcase name="testSpelling(LanguagePreset, LanguageFile)[96]" classname="io.github.thebusybiscuit.slimefun4.core.services.localization.TestSlimefunSpelling" time="0"/>
  <testcase name="testSpelling(LanguagePreset, LanguageFile)[97]" classname="io.github.thebusybiscuit.slimefun4.core.services.localization.TestSlimefunSpelling" time="0"/>
  <testcase name="testSpelling(LanguagePreset, LanguageFile)[98]" classname="io.github.thebusybiscuit.slimefun4.core.services.localization.TestSlimefunSpelling" time="0"/>
  <testcase name="testSpelling(LanguagePreset, LanguageFile)[99]" classname="io.github.thebusybiscuit.slimefun4.core.services.localization.TestSlimefunSpelling" time="0"/>
  <testcase name="testSpelling(LanguagePreset, LanguageFile)[100]" classname="io.github.thebusybiscuit.slimefun4.core.services.localization.TestSlimefunSpelling" time="0.01"/>
  <testcase name="testSpelling(LanguagePreset, LanguageFile)[101]" classname="io.github.thebusybiscuit.slimefun4.core.services.localization.TestSlimefunSpelling" time="0">
    <system-err><![CDATA[[15:20:28 SEVERE]: Cannot load configuration from stream
]]></system-err>
  </testcase>
  <testcase name="testSpelling(LanguagePreset, LanguageFile)[102]" classname="io.github.thebusybiscuit.slimefun4.core.services.localization.TestSlimefunSpelling" time="0">
    <system-err><![CDATA[[15:20:28 SEVERE]: Cannot load configuration from stream
]]></system-err>
  </testcase>
  <testcase name="testSpelling(LanguagePreset, LanguageFile)[103]" classname="io.github.thebusybiscuit.slimefun4.core.services.localization.TestSlimefunSpelling" time="0">
    <system-err><![CDATA[[15:20:28 SEVERE]: Cannot load configuration from stream
]]></system-err>
  </testcase>
  <testcase name="testSpelling(LanguagePreset, LanguageFile)[104]" classname="io.github.thebusybiscuit.slimefun4.core.services.localization.TestSlimefunSpelling" time="0">
    <system-err><![CDATA[[15:20:28 SEVERE]: Cannot load configuration from stream
]]></system-err>
  </testcase>
  <testcase name="testSpelling(LanguagePreset, LanguageFile)[105]" classname="io.github.thebusybiscuit.slimefun4.core.services.localization.TestSlimefunSpelling" time="0">
    <system-err><![CDATA[[15:20:28 SEVERE]: Cannot load configuration from stream
]]></system-err>
  </testcase>
  <testcase name="testSpelling(LanguagePreset, LanguageFile)[106]" classname="io.github.thebusybiscuit.slimefun4.core.services.localization.TestSlimefunSpelling" time="0"/>
  <testcase name="testSpelling(LanguagePreset, LanguageFile)[107]" classname="io.github.thebusybiscuit.slimefun4.core.services.localization.TestSlimefunSpelling" time="0">
    <system-err><![CDATA[[15:20:28 SEVERE]: Cannot load configuration from stream
]]></system-err>
  </testcase>
  <testcase name="testSpelling(LanguagePreset, LanguageFile)[108]" classname="io.github.thebusybiscuit.slimefun4.core.services.localization.TestSlimefunSpelling" time="0">
    <system-err><![CDATA[[15:20:28 SEVERE]: Cannot load configuration from stream
]]></system-err>
  </testcase>
  <testcase name="testSpelling(LanguagePreset, LanguageFile)[109]" classname="io.github.thebusybiscuit.slimefun4.core.services.localization.TestSlimefunSpelling" time="0">
    <system-err><![CDATA[[15:20:28 SEVERE]: Cannot load configuration from stream
]]></system-err>
  </testcase>
  <testcase name="testSpelling(LanguagePreset, LanguageFile)[110]" classname="io.github.thebusybiscuit.slimefun4.core.services.localization.TestSlimefunSpelling" time="0">
    <system-err><![CDATA[[15:20:28 SEVERE]: Cannot load configuration from stream
]]></system-err>
  </testcase>
  <testcase name="testSpelling(LanguagePreset, LanguageFile)[111]" classname="io.github.thebusybiscuit.slimefun4.core.services.localization.TestSlimefunSpelling" time="0">
    <system-err><![CDATA[[15:20:28 SEVERE]: Cannot load configuration from stream
]]></system-err>
  </testcase>
  <testcase name="testSpelling(LanguagePreset, LanguageFile)[112]" classname="io.github.thebusybiscuit.slimefun4.core.services.localization.TestSlimefunSpelling" time="0.011">
    <system-err><![CDATA[[15:20:28 SEVERE]: Cannot load configuration from stream
]]></system-err>
  </testcase>
  <testcase name="testSpelling(LanguagePreset, LanguageFile)[113]" classname="io.github.thebusybiscuit.slimefun4.core.services.localization.TestSlimefunSpelling" time="0">
    <system-err><![CDATA[[15:20:28 SEVERE]: Cannot load configuration from stream
]]></system-err>
  </testcase>
  <testcase name="testSpelling(LanguagePreset, LanguageFile)[114]" classname="io.github.thebusybiscuit.slimefun4.core.services.localization.TestSlimefunSpelling" time="0">
    <system-err><![CDATA[[15:20:28 SEVERE]: Cannot load configuration from stream
]]></system-err>
  </testcase>
  <testcase name="testSpelling(LanguagePreset, LanguageFile)[115]" classname="io.github.thebusybiscuit.slimefun4.core.services.localization.TestSlimefunSpelling" time="0">
    <system-err><![CDATA[[15:20:28 SEVERE]: Cannot load configuration from stream
]]></system-err>
  </testcase>
  <testcase name="testSpelling(LanguagePreset, LanguageFile)[116]" classname="io.github.thebusybiscuit.slimefun4.core.services.localization.TestSlimefunSpelling" time="0"/>
  <testcase name="testSpelling(LanguagePreset, LanguageFile)[117]" classname="io.github.thebusybiscuit.slimefun4.core.services.localization.TestSlimefunSpelling" time="0"/>
  <testcase name="testSpelling(LanguagePreset, LanguageFile)[118]" classname="io.github.thebusybiscuit.slimefun4.core.services.localization.TestSlimefunSpelling" time="0"/>
  <testcase name="testSpelling(LanguagePreset, LanguageFile)[119]" classname="io.github.thebusybiscuit.slimefun4.core.services.localization.TestSlimefunSpelling" time="0"/>
  <testcase name="testSpelling(LanguagePreset, LanguageFile)[120]" classname="io.github.thebusybiscuit.slimefun4.core.services.localization.TestSlimefunSpelling" time="0"/>
  <testcase name="testSpelling(LanguagePreset, LanguageFile)[121]" classname="io.github.thebusybiscuit.slimefun4.core.services.localization.TestSlimefunSpelling" time="0"/>
  <testcase name="testSpelling(LanguagePreset, LanguageFile)[122]" classname="io.github.thebusybiscuit.slimefun4.core.services.localization.TestSlimefunSpelling" time="0.01"/>
  <testcase name="testSpelling(LanguagePreset, LanguageFile)[123]" classname="io.github.thebusybiscuit.slimefun4.core.services.localization.TestSlimefunSpelling" time="0"/>
  <testcase name="testSpelling(LanguagePreset, LanguageFile)[124]" classname="io.github.thebusybiscuit.slimefun4.core.services.localization.TestSlimefunSpelling" time="0"/>
  <testcase name="testSpelling(LanguagePreset, LanguageFile)[125]" classname="io.github.thebusybiscuit.slimefun4.core.services.localization.TestSlimefunSpelling" time="0"/>
  <testcase name="testSpelling(LanguagePreset, LanguageFile)[126]" classname="io.github.thebusybiscuit.slimefun4.core.services.localization.TestSlimefunSpelling" time="0.005"/>
  <testcase name="testSpelling(LanguagePreset, LanguageFile)[127]" classname="io.github.thebusybiscuit.slimefun4.core.services.localization.TestSlimefunSpelling" time="0"/>
  <testcase name="testSpelling(LanguagePreset, LanguageFile)[128]" classname="io.github.thebusybiscuit.slimefun4.core.services.localization.TestSlimefunSpelling" time="0">
    <system-err><![CDATA[[15:20:28 SEVERE]: Cannot load configuration from stream
]]></system-err>
  </testcase>
  <testcase name="testSpelling(LanguagePreset, LanguageFile)[129]" classname="io.github.thebusybiscuit.slimefun4.core.services.localization.TestSlimefunSpelling" time="0"/>
  <testcase name="testSpelling(LanguagePreset, LanguageFile)[130]" classname="io.github.thebusybiscuit.slimefun4.core.services.localization.TestSlimefunSpelling" time="0"/>
  <testcase name="testSpelling(LanguagePreset, LanguageFile)[131]" classname="io.github.thebusybiscuit.slimefun4.core.services.localization.TestSlimefunSpelling" time="0.005"/>
  <testcase name="testSpelling(LanguagePreset, LanguageFile)[132]" classname="io.github.thebusybiscuit.slimefun4.core.services.localization.TestSlimefunSpelling" time="0"/>
  <testcase name="testSpelling(LanguagePreset, LanguageFile)[133]" classname="io.github.thebusybiscuit.slimefun4.core.services.localization.TestSlimefunSpelling" time="0"/>
  <testcase name="testSpelling(LanguagePreset, LanguageFile)[134]" classname="io.github.thebusybiscuit.slimefun4.core.services.localization.TestSlimefunSpelling" time="0"/>
  <testcase name="testSpelling(LanguagePreset, LanguageFile)[135]" classname="io.github.thebusybiscuit.slimefun4.core.services.localization.TestSlimefunSpelling" time="0"/>
  <testcase name="testSpelling(LanguagePreset, LanguageFile)[136]" classname="io.github.thebusybiscuit.slimefun4.core.services.localization.TestSlimefunSpelling" time="0"/>
  <testcase name="testSpelling(LanguagePreset, LanguageFile)[137]" classname="io.github.thebusybiscuit.slimefun4.core.services.localization.TestSlimefunSpelling" time="0"/>
  <testcase name="testSpelling(LanguagePreset, LanguageFile)[138]" classname="io.github.thebusybiscuit.slimefun4.core.services.localization.TestSlimefunSpelling" time="0"/>
  <testcase name="testSpelling(LanguagePreset, LanguageFile)[139]" classname="io.github.thebusybiscuit.slimefun4.core.services.localization.TestSlimefunSpelling" time="0"/>
  <testcase name="testSpelling(LanguagePreset, LanguageFile)[140]" classname="io.github.thebusybiscuit.slimefun4.core.services.localization.TestSlimefunSpelling" time="0.009"/>
  <testcase name="testSpelling(LanguagePreset, LanguageFile)[141]" classname="io.github.thebusybiscuit.slimefun4.core.services.localization.TestSlimefunSpelling" time="0"/>
  <testcase name="testSpelling(LanguagePreset, LanguageFile)[142]" classname="io.github.thebusybiscuit.slimefun4.core.services.localization.TestSlimefunSpelling" time="0"/>
  <testcase name="testSpelling(LanguagePreset, LanguageFile)[143]" classname="io.github.thebusybiscuit.slimefun4.core.services.localization.TestSlimefunSpelling" time="0"/>
  <testcase name="testSpelling(LanguagePreset, LanguageFile)[144]" classname="io.github.thebusybiscuit.slimefun4.core.services.localization.TestSlimefunSpelling" time="0"/>
  <testcase name="testSpelling(LanguagePreset, LanguageFile)[145]" classname="io.github.thebusybiscuit.slimefun4.core.services.localization.TestSlimefunSpelling" time="0"/>
  <testcase name="testSpelling(LanguagePreset, LanguageFile)[146]" classname="io.github.thebusybiscuit.slimefun4.core.services.localization.TestSlimefunSpelling" time="0"/>
  <testcase name="testSpelling(LanguagePreset, LanguageFile)[147]" classname="io.github.thebusybiscuit.slimefun4.core.services.localization.TestSlimefunSpelling" time="0"/>
  <testcase name="testSpelling(LanguagePreset, LanguageFile)[148]" classname="io.github.thebusybiscuit.slimefun4.core.services.localization.TestSlimefunSpelling" time="0"/>
  <testcase name="testSpelling(LanguagePreset, LanguageFile)[149]" classname="io.github.thebusybiscuit.slimefun4.core.services.localization.TestSlimefunSpelling" time="0"/>
  <testcase name="testSpelling(LanguagePreset, LanguageFile)[150]" classname="io.github.thebusybiscuit.slimefun4.core.services.localization.TestSlimefunSpelling" time="0.01"/>
  <testcase name="testSpelling(LanguagePreset, LanguageFile)[151]" classname="io.github.thebusybiscuit.slimefun4.core.services.localization.TestSlimefunSpelling" time="0"/>
  <testcase name="testSpelling(LanguagePreset, LanguageFile)[152]" classname="io.github.thebusybiscuit.slimefun4.core.services.localization.TestSlimefunSpelling" time="0"/>
  <testcase name="testSpelling(LanguagePreset, LanguageFile)[153]" classname="io.github.thebusybiscuit.slimefun4.core.services.localization.TestSlimefunSpelling" time="0"/>
  <testcase name="testSpelling(LanguagePreset, LanguageFile)[154]" classname="io.github.thebusybiscuit.slimefun4.core.services.localization.TestSlimefunSpelling" time="0"/>
  <testcase name="testSpelling(LanguagePreset, LanguageFile)[155]" classname="io.github.thebusybiscuit.slimefun4.core.services.localization.TestSlimefunSpelling" time="0"/>
  <testcase name="testSpelling(LanguagePreset, LanguageFile)[156]" classname="io.github.thebusybiscuit.slimefun4.core.services.localization.TestSlimefunSpelling" time="0"/>
  <testcase name="testSpelling(LanguagePreset, LanguageFile)[157]" classname="io.github.thebusybiscuit.slimefun4.core.services.localization.TestSlimefunSpelling" time="0"/>
  <testcase name="testSpelling(LanguagePreset, LanguageFile)[158]" classname="io.github.thebusybiscuit.slimefun4.core.services.localization.TestSlimefunSpelling" time="0">
    <system-err><![CDATA[[15:20:28 SEVERE]: Cannot load configuration from stream
]]></system-err>
  </testcase>
  <testcase name="testSpelling(LanguagePreset, LanguageFile)[159]" classname="io.github.thebusybiscuit.slimefun4.core.services.localization.TestSlimefunSpelling" time="0"/>
  <testcase name="testSpelling(LanguagePreset, LanguageFile)[160]" classname="io.github.thebusybiscuit.slimefun4.core.services.localization.TestSlimefunSpelling" time="0"/>
  <testcase name="testSpelling(LanguagePreset, LanguageFile)[161]" classname="io.github.thebusybiscuit.slimefun4.core.services.localization.TestSlimefunSpelling" time="0"/>
  <testcase name="testSpelling(LanguagePreset, LanguageFile)[162]" classname="io.github.thebusybiscuit.slimefun4.core.services.localization.TestSlimefunSpelling" time="0"/>
  <testcase name="testSpelling(LanguagePreset, LanguageFile)[163]" classname="io.github.thebusybiscuit.slimefun4.core.services.localization.TestSlimefunSpelling" time="0"/>
  <testcase name="testSpelling(LanguagePreset, LanguageFile)[164]" classname="io.github.thebusybiscuit.slimefun4.core.services.localization.TestSlimefunSpelling" time="0"/>
  <testcase name="testSpelling(LanguagePreset, LanguageFile)[165]" classname="io.github.thebusybiscuit.slimefun4.core.services.localization.TestSlimefunSpelling" time="0"/>
  <testcase name="testSpelling(LanguagePreset, LanguageFile)[166]" classname="io.github.thebusybiscuit.slimefun4.core.services.localization.TestSlimefunSpelling" time="0"/>
  <testcase name="testSpelling(LanguagePreset, LanguageFile)[167]" classname="io.github.thebusybiscuit.slimefun4.core.services.localization.TestSlimefunSpelling" time="0">
    <system-err><![CDATA[[15:20:28 SEVERE]: Cannot load configuration from stream
]]></system-err>
  </testcase>
  <testcase name="testSpelling(LanguagePreset, LanguageFile)[168]" classname="io.github.thebusybiscuit.slimefun4.core.services.localization.TestSlimefunSpelling" time="0.01">
    <system-err><![CDATA[[15:20:28 SEVERE]: Cannot load configuration from stream
]]></system-err>
  </testcase>
  <testcase name="testSpelling(LanguagePreset, LanguageFile)[169]" classname="io.github.thebusybiscuit.slimefun4.core.services.localization.TestSlimefunSpelling" time="0"/>
  <testcase name="testSpelling(LanguagePreset, LanguageFile)[170]" classname="io.github.thebusybiscuit.slimefun4.core.services.localization.TestSlimefunSpelling" time="0"/>
  <testcase name="testSpelling(LanguagePreset, LanguageFile)[171]" classname="io.github.thebusybiscuit.slimefun4.core.services.localization.TestSlimefunSpelling" time="0"/>
  <testcase name="testSpelling(LanguagePreset, LanguageFile)[172]" classname="io.github.thebusybiscuit.slimefun4.core.services.localization.TestSlimefunSpelling" time="0"/>
  <testcase name="testSpelling(LanguagePreset, LanguageFile)[173]" classname="io.github.thebusybiscuit.slimefun4.core.services.localization.TestSlimefunSpelling" time="0"/>
  <testcase name="testSpelling(LanguagePreset, LanguageFile)[174]" classname="io.github.thebusybiscuit.slimefun4.core.services.localization.TestSlimefunSpelling" time="0"/>
  <testcase name="testSpelling(LanguagePreset, LanguageFile)[175]" classname="io.github.thebusybiscuit.slimefun4.core.services.localization.TestSlimefunSpelling" time="0"/>
  <testcase name="testSpelling(LanguagePreset, LanguageFile)[176]" classname="io.github.thebusybiscuit.slimefun4.core.services.localization.TestSlimefunSpelling" time="0">
    <system-err><![CDATA[[15:20:28 SEVERE]: Cannot load configuration from stream
]]></system-err>
  </testcase>
  <testcase name="testSpelling(LanguagePreset, LanguageFile)[177]" classname="io.github.thebusybiscuit.slimefun4.core.services.localization.TestSlimefunSpelling" time="0">
    <system-err><![CDATA[[15:20:28 SEVERE]: Cannot load configuration from stream
]]></system-err>
  </testcase>
  <testcase name="testSpelling(LanguagePreset, LanguageFile)[178]" classname="io.github.thebusybiscuit.slimefun4.core.services.localization.TestSlimefunSpelling" time="0">
    <system-err><![CDATA[[15:20:28 SEVERE]: Cannot load configuration from stream
]]></system-err>
  </testcase>
  <testcase name="testSpelling(LanguagePreset, LanguageFile)[179]" classname="io.github.thebusybiscuit.slimefun4.core.services.localization.TestSlimefunSpelling" time="0">
    <system-err><![CDATA[[15:20:28 SEVERE]: Cannot load configuration from stream
]]></system-err>
  </testcase>
  <testcase name="testSpelling(LanguagePreset, LanguageFile)[180]" classname="io.github.thebusybiscuit.slimefun4.core.services.localization.TestSlimefunSpelling" time="0">
    <system-err><![CDATA[[15:20:28 SEVERE]: Cannot load configuration from stream
]]></system-err>
  </testcase>
  <testcase name="testSpelling(LanguagePreset, LanguageFile)[181]" classname="io.github.thebusybiscuit.slimefun4.core.services.localization.TestSlimefunSpelling" time="0">
    <system-err><![CDATA[[15:20:28 SEVERE]: Cannot load configuration from stream
]]></system-err>
  </testcase>
  <testcase name="testSpelling(LanguagePreset, LanguageFile)[182]" classname="io.github.thebusybiscuit.slimefun4.core.services.localization.TestSlimefunSpelling" time="0">
    <system-err><![CDATA[[15:20:28 SEVERE]: Cannot load configuration from stream
]]></system-err>
  </testcase>
  <testcase name="testSpelling(LanguagePreset, LanguageFile)[183]" classname="io.github.thebusybiscuit.slimefun4.core.services.localization.TestSlimefunSpelling" time="0">
    <system-err><![CDATA[[15:20:28 SEVERE]: Cannot load configuration from stream
]]></system-err>
  </testcase>
  <testcase name="testSpelling(LanguagePreset, LanguageFile)[184]" classname="io.github.thebusybiscuit.slimefun4.core.services.localization.TestSlimefunSpelling" time="0">
    <system-err><![CDATA[[15:20:28 SEVERE]: Cannot load configuration from stream
]]></system-err>
  </testcase>
  <testcase name="testSpelling(LanguagePreset, LanguageFile)[185]" classname="io.github.thebusybiscuit.slimefun4.core.services.localization.TestSlimefunSpelling" time="0">
    <system-err><![CDATA[[15:20:28 SEVERE]: Cannot load configuration from stream
]]></system-err>
  </testcase>
  <testcase name="testSpelling(LanguagePreset, LanguageFile)[186]" classname="io.github.thebusybiscuit.slimefun4.core.services.localization.TestSlimefunSpelling" time="0.011"/>
  <testcase name="testSpelling(LanguagePreset, LanguageFile)[187]" classname="io.github.thebusybiscuit.slimefun4.core.services.localization.TestSlimefunSpelling" time="0"/>
  <testcase name="testSpelling(LanguagePreset, LanguageFile)[188]" classname="io.github.thebusybiscuit.slimefun4.core.services.localization.TestSlimefunSpelling" time="0"/>
  <testcase name="testSpelling(LanguagePreset, LanguageFile)[189]" classname="io.github.thebusybiscuit.slimefun4.core.services.localization.TestSlimefunSpelling" time="0"/>
  <testcase name="testSpelling(LanguagePreset, LanguageFile)[190]" classname="io.github.thebusybiscuit.slimefun4.core.services.localization.TestSlimefunSpelling" time="0"/>
  <testcase name="testSpelling(LanguagePreset, LanguageFile)[191]" classname="io.github.thebusybiscuit.slimefun4.core.services.localization.TestSlimefunSpelling" time="0">
    <system-err><![CDATA[[15:20:28 SEVERE]: Cannot load configuration from stream
]]></system-err>
  </testcase>
  <testcase name="testSpelling(LanguagePreset, LanguageFile)[192]" classname="io.github.thebusybiscuit.slimefun4.core.services.localization.TestSlimefunSpelling" time="0"/>
  <testcase name="testSpelling(LanguagePreset, LanguageFile)[193]" classname="io.github.thebusybiscuit.slimefun4.core.services.localization.TestSlimefunSpelling" time="0"/>
  <testcase name="testSpelling(LanguagePreset, LanguageFile)[194]" classname="io.github.thebusybiscuit.slimefun4.core.services.localization.TestSlimefunSpelling" time="0"/>
  <testcase name="testSpelling(LanguagePreset, LanguageFile)[195]" classname="io.github.thebusybiscuit.slimefun4.core.services.localization.TestSlimefunSpelling" time="0">
    <system-err><![CDATA[[15:20:28 SEVERE]: Cannot load configuration from stream
]]></system-err>
  </testcase>
  <testcase name="testSpelling(LanguagePreset, LanguageFile)[196]" classname="io.github.thebusybiscuit.slimefun4.core.services.localization.TestSlimefunSpelling" time="0.01"/>
  <testcase name="testSpelling(LanguagePreset, LanguageFile)[197]" classname="io.github.thebusybiscuit.slimefun4.core.services.localization.TestSlimefunSpelling" time="0"/>
  <testcase name="testSpelling(LanguagePreset, LanguageFile)[198]" classname="io.github.thebusybiscuit.slimefun4.core.services.localization.TestSlimefunSpelling" time="0"/>
  <testcase name="testSpelling(LanguagePreset, LanguageFile)[199]" classname="io.github.thebusybiscuit.slimefun4.core.services.localization.TestSlimefunSpelling" time="0"/>
  <testcase name="testSpelling(LanguagePreset, LanguageFile)[200]" classname="io.github.thebusybiscuit.slimefun4.core.services.localization.TestSlimefunSpelling" time="0"/>
  <testcase name="testSpelling(LanguagePreset, LanguageFile)[201]" classname="io.github.thebusybiscuit.slimefun4.core.services.localization.TestSlimefunSpelling" time="0"/>
  <testcase name="testSpelling(LanguagePreset, LanguageFile)[202]" classname="io.github.thebusybiscuit.slimefun4.core.services.localization.TestSlimefunSpelling" time="0"/>
  <testcase name="testSpelling(LanguagePreset, LanguageFile)[203]" classname="io.github.thebusybiscuit.slimefun4.core.services.localization.TestSlimefunSpelling" time="0"/>
  <testcase name="testSpelling(LanguagePreset, LanguageFile)[204]" classname="io.github.thebusybiscuit.slimefun4.core.services.localization.TestSlimefunSpelling" time="0"/>
  <testcase name="testSpelling(LanguagePreset, LanguageFile)[205]" classname="io.github.thebusybiscuit.slimefun4.core.services.localization.TestSlimefunSpelling" time="0"/>
  <testcase name="testSpelling(LanguagePreset, LanguageFile)[206]" classname="io.github.thebusybiscuit.slimefun4.core.services.localization.TestSlimefunSpelling" time="0">
    <system-err><![CDATA[[15:20:28 SEVERE]: Cannot load configuration from stream
]]></system-err>
  </testcase>
  <testcase name="testSpelling(LanguagePreset, LanguageFile)[207]" classname="io.github.thebusybiscuit.slimefun4.core.services.localization.TestSlimefunSpelling" time="0">
    <system-err><![CDATA[[15:20:28 SEVERE]: Cannot load configuration from stream
]]></system-err>
  </testcase>
  <testcase name="testSpelling(LanguagePreset, LanguageFile)[208]" classname="io.github.thebusybiscuit.slimefun4.core.services.localization.TestSlimefunSpelling" time="0">
    <system-err><![CDATA[[15:20:28 SEVERE]: Cannot load configuration from stream
]]></system-err>
  </testcase>
  <testcase name="testSpelling(LanguagePreset, LanguageFile)[209]" classname="io.github.thebusybiscuit.slimefun4.core.services.localization.TestSlimefunSpelling" time="0">
    <system-err><![CDATA[[15:20:28 SEVERE]: Cannot load configuration from stream
]]></system-err>
  </testcase>
  <testcase name="testSpelling(LanguagePreset, LanguageFile)[210]" classname="io.github.thebusybiscuit.slimefun4.core.services.localization.TestSlimefunSpelling" time="0">
    <system-err><![CDATA[[15:20:28 SEVERE]: Cannot load configuration from stream
]]></system-err>
  </testcase>
</testsuite>